0 info it worked if it ends with ok
1 verbose cli [ '/usr/local/Cellar/node/6.2.1/bin/node',
1 verbose cli   '/usr/local/bin/npm',
1 verbose cli   'start',
1 verbose cli   'dev_unix' ]
2 info using npm@3.9.3
3 info using node@v6.2.1
4 verbose run-script [ 'prestart', 'start', 'poststart' ]
5 info lifecycle react_starter@0.0.2~prestart: react_starter@0.0.2
6 silly lifecycle react_starter@0.0.2~prestart: no script for prestart, continuing
7 info lifecycle react_starter@0.0.2~start: react_starter@0.0.2
8 verbose lifecycle react_starter@0.0.2~start: unsafe-perm in lifecycle true
9 verbose lifecycle react_starter@0.0.2~start: PATH: /usr/local/lib/node_modules/npm/bin/node-gyp-bin:/Users/Specta/projects/personal/YessCss/public/node_modules/.bin:/usr/local/Cellar/node/6.2.1/bin:/usr/local/sbin:/Users/Specta/Library/Android/sdk/platform-tools:/Users/Specta/Library/Android/sdk/tools:/usr/local/sbin:/usr/local/mysql/bin:/usr/local/bin:/usr/bin:/bin:/usr/sbin:/sbin
10 verbose lifecycle react_starter@0.0.2~start: CWD: /Users/Specta/projects/personal/YessCss/public
11 silly lifecycle react_starter@0.0.2~start: Args: [ '-c', 'node server.js "dev_unix"' ]
12 silly lifecycle react_starter@0.0.2~start: Returned: code: 1  signal: null
13 info lifecycle react_starter@0.0.2~start: Failed to exec start script
14 verbose stack Error: react_starter@0.0.2 start: `node server.js "dev_unix"`
14 verbose stack Exit status 1
14 verbose stack     at EventEmitter.<anonymous> (/usr/local/lib/node_modules/npm/lib/utils/lifecycle.js:245:16)
14 verbose stack     at emitTwo (events.js:106:13)
14 verbose stack     at EventEmitter.emit (events.js:191:7)
14 verbose stack     at ChildProcess.<anonymous> (/usr/local/lib/node_modules/npm/lib/utils/spawn.js:24:14)
14 verbose stack     at emitTwo (events.js:106:13)
14 verbose stack     at ChildProcess.emit (events.js:191:7)
14 verbose stack     at maybeClose (internal/child_process.js:852:16)
14 verbose stack     at Process.ChildProcess._handle.onexit (internal/child_process.js:215:5)
15 verbose pkgid react_starter@0.0.2
16 verbose cwd /Users/Specta/projects/personal/YessCss/public
17 error Darwin 16.0.0
18 error argv "/usr/local/Cellar/node/6.2.1/bin/node" "/usr/local/bin/npm" "start" "dev_unix"
19 error node v6.2.1
20 error npm  v3.9.3
21 error code ELIFECYCLE
22 error react_starter@0.0.2 start: `node server.js "dev_unix"`
22 error Exit status 1
23 error Failed at the react_starter@0.0.2 start script 'node server.js "dev_unix"'.
23 error Make sure you have the latest version of node.js and npm installed.
23 error If you do, this is most likely a problem with the react_starter package,
23 error not with npm itself.
23 error Tell the author that this fails on your system:
23 error     node server.js "dev_unix"
23 error You can get information on how to open an issue for this project with:
23 error     npm bugs react_starter
23 error Or if that isn't available, you can get their info via:
23 error     npm owner ls react_starter
23 error There is likely additional logging output above.
24 verbose exit [ 1, true ]
